c:\Users\Alireza\Documents\Visual Studio 2013\WebSites\University2\Register.aspx.cs(8): error ASPNET: Make sure that the class defined in this code file matches the 'inherits' attribute, and that it extends the correct base class (e.g. Page or UserControl). Time:2015/47/03 - 10:47:01,Path:C:\Users\Alireza\Documents\Visual Studio 2013\WebSites\University2\Register.aspx,User IP::1
WebForms UnobtrusiveValidationMode requires a ScriptResourceMapping for 'jquery'. Please add a ScriptResourceMapping named jquery(case-sensitive). Time:2015/48/03 - 10:48:42,Path:C:\Users\Alireza\Documents\Visual Studio 2013\WebSites\University2\Login.aspx,User IP::1
c:\Users\Alireza\Documents\Visual Studio 2013\WebSites\University2\DeleteUser.aspx(93): error CS1061: 'ASP.deleteuser_aspx' does not contain a definition for 'btnSubmit_Click' and no extension method 'btnSubmit_Click' accepting a first argument of type 'ASP.deleteuser_aspx' could be found (are you missing a using directive or an assembly reference?) Time:2015/49/03 - 11:49:01,Path:C:\Users\Alireza\Documents\Visual Studio 2013\WebSites\University2\DeleteUser.aspx,User IP::1
c:\Users\Alireza\Documents\Visual Studio 2013\WebSites\University2\About.aspx.cs(1): error ASPNET: Make sure that the class defined in this code file matches the 'inherits' attribute, and that it extends the correct base class (e.g. Page or UserControl). Time:2015/03/04 - 12:03:48,Path:C:\Users\Alireza\Documents\Visual Studio 2013\WebSites\University2\About.aspx,User IP::1
c:\Users\Alireza\Documents\Visual Studio 2013\WebSites\University2\About.aspx.cs(1): error ASPNET: Make sure that the class defined in this code file matches the 'inherits' attribute, and that it extends the correct base class (e.g. Page or UserControl). Time:2015/04/04 - 12:04:04,Path:C:\Users\Alireza\Documents\Visual Studio 2013\WebSites\University2\About.aspx,User IP::1
c:\Users\Alireza\Documents\Visual Studio 2013\WebSites\University2\ManagementCat.aspx.cs(8): error ASPNET: Make sure that the class defined in this code file matches the 'inherits' attribute, and that it extends the correct base class (e.g. Page or UserControl). Time:2015/00/04 - 01:00:11,Path:C:\Users\Alireza\Documents\Visual Studio 2013\WebSites\University2\ManagementCat.aspx,User IP::1
c:\Users\Alireza\Documents\Visual Studio 2013\WebSites\University2\ManagementCat.aspx.cs(8): error ASPNET: Make sure that the class defined in this code file matches the 'inherits' attribute, and that it extends the correct base class (e.g. Page or UserControl). Time:2015/01/04 - 01:01:45,Path:C:\Users\Alireza\Documents\Visual Studio 2013\WebSites\University2\ManagementCat.aspx,User IP::1
c:\Users\Alireza\Documents\Visual Studio 2013\WebSites\University2\ManagementCat.aspx.cs(8): error ASPNET: Make sure that the class defined in this code file matches the 'inherits' attribute, and that it extends the correct base class (e.g. Page or UserControl). Time:2015/04/04 - 01:04:18,Path:C:\Users\Alireza\Documents\Visual Studio 2013\WebSites\University2\ManagementCat.aspx,User IP::1
c:\Users\Alireza\Documents\Visual Studio 2013\WebSites\University2\Default.aspx.cs(8): error ASPNET: Make sure that the class defined in this code file matches the 'inherits' attribute, and that it extends the correct base class (e.g. Page or UserControl). Time:2015/05/04 - 01:05:09,Path:C:\Users\Alireza\Documents\Visual Studio 2013\WebSites\University2\default.aspx,User IP::1
c:\Users\Alireza\Documents\Visual Studio 2013\WebSites\University2\ManagementCat.aspx.cs(8): error ASPNET: Make sure that the class defined in this code file matches the 'inherits' attribute, and that it extends the correct base class (e.g. Page or UserControl). Time:2015/05/04 - 01:05:42,Path:C:\Users\Alireza\Documents\Visual Studio 2013\WebSites\University2\ManagementCat.aspx,User IP::1
c:\Users\Alireza\Documents\Visual Studio 2013\WebSites\University2\Default.aspx.cs(8): error ASPNET: Make sure that the class defined in this code file matches the 'inherits' attribute, and that it extends the correct base class (e.g. Page or UserControl). Time:2015/07/04 - 01:07:08,Path:C:\Users\Alireza\Documents\Visual Studio 2013\WebSites\University2\Default.aspx,User IP::1
c:\Users\Alireza\Documents\Visual Studio 2013\WebSites\University2\Default2.aspx(78): error CS1061: 'ASP.default2_aspx' does not contain a definition for 'DataList1_SelectedIndexChanged' and no extension method 'DataList1_SelectedIndexChanged' accepting a first argument of type 'ASP.default2_aspx' could be found (are you missing a using directive or an assembly reference?) Time:2015/08/04 - 01:08:34,Path:C:\Users\Alireza\Documents\Visual Studio 2013\WebSites\University2\Default2.aspx,User IP::1
The type specified in the TypeName property of ObjectDataSource 'ObjectDataSource5' could not be found. Time:2015/02/05 - 02:02:41,Path:C:\Users\Alireza\Documents\Visual Studio 2013\WebSites\University2\Default.aspx,User IP::1
ObjectDataSource 'ObjectDataSource5' could not find a non-generic method 'GetTop8NewsOrderByNOV' that has no parameters. Time:2015/04/05 - 02:04:37,Path:C:\Users\Alireza\Documents\Visual Studio 2013\WebSites\University2\Default.aspx,User IP::1
The file '/ShowNews.aspx' does not exist. Time:2015/26/05 - 02:26:53,Path:C:\Users\Alireza\Documents\Visual Studio 2013\WebSites\University2\ShowNews.aspx,User IP::1
ObjectDataSource 'ObjectDataSource2' could not find a non-generic method 'GetFillAllNewsOrderByDate' that has no parameters. Time:2015/33/05 - 02:33:23,Path:C:\Users\Alireza\Documents\Visual Studio 2013\WebSites\University2\Default.aspx,User IP::1
The file '/ShowNews.aspx' does not exist. Time:2015/24/08 - 02:24:20,Path:C:\Users\Alireza\Documents\Visual Studio 2013\WebSites\University2\ShowNews.aspx,User IP::1
The DataSourceID of 'FormView1' must be the ID of a control of type IDataSource.  A control with ID 'ObjectDataSource1' could not be found. Time:2015/35/08 - 02:35:36,Path:C:\Users\Alireza\Documents\Visual Studio 2013\WebSites\University2\ShowNews.aspx,User IP::1
The DataSourceID of 'FormView1' must be the ID of a control of type IDataSource.  A control with ID 'ObjectDataSource1' could not be found. Time:2015/36/08 - 02:36:53,Path:C:\Users\Alireza\Documents\Visual Studio 2013\WebSites\University2\ShowNews.aspx,User IP::1
Input string was not in a correct format. Time:2015/44/08 - 02:44:18,Path:C:\Users\Alireza\Documents\Visual Studio 2013\WebSites\University2\ShowNews.aspx,User IP::1
Input string was not in a correct format. Time:2015/00/08 - 03:00:51,Path:C:\Users\Alireza\Documents\Visual Studio 2013\WebSites\University2\ShowNews.aspx,User IP::1
Input string was not in a correct format. Time:2015/16/08 - 03:16:34,Path:C:\Users\Alireza\Documents\Visual Studio 2013\WebSites\University2\ShowNews.aspx,User IP::1
Input string was not in a correct format. Time:2015/24/08 - 03:24:31,Path:C:\Users\Alireza\Documents\Visual Studio 2013\WebSites\University2\ShowNews.aspx,User IP::1
Object reference not set to an instance of an object. Time:2015/09/08 - 05:09:38,Path:C:\Users\Alireza\Documents\Visual Studio 2013\WebSites\University2\Errors\Error404.aspx,User IP::1
Object reference not set to an instance of an object. Time:2015/10/08 - 05:10:38,Path:C:\Users\Alireza\Documents\Visual Studio 2013\WebSites\University2\Errors\Error404.aspx,User IP::1
Object reference not set to an instance of an object. Time:2015/39/08 - 05:39:07,Path:C:\Users\Alireza\Documents\Visual Studio 2013\WebSites\University2\Errors\Error404.aspx,User IP::1
Column 'FullName' does not allow nulls. Time:2015/53/08 - 10:53:58,Path:C:\Users\Alireza\Documents\Visual Studio 2013\WebSites\University2\Register.aspx,User IP::1
Input string was not in a correct format. Time:2015/57/08 - 10:57:45,Path:C:\Users\Alireza\Documents\Visual Studio 2013\WebSites\University2\Login.aspx,User IP::1
Input string was not in a correct format. Time:2015/02/08 - 11:02:54,Path:C:\Users\Alireza\Documents\Visual Studio 2013\WebSites\University2\Login.aspx,User IP::1
DataBinding: 'System.Data.DataRowView' does not contain a property with the name 'NewsID'. Time:2015/19/08 - 11:19:20,Path:C:\Users\Alireza\Documents\Visual Studio 2013\WebSites\University2\ShowNews.aspx,User IP::1
DataBinding: 'System.Data.DataRowView' does not contain a property with the name 'CommentID'. Time:2015/20/08 - 11:20:30,Path:C:\Users\Alireza\Documents\Visual Studio 2013\WebSites\University2\ManagementComment.aspx,User IP::1
DataBinding: 'System.Data.DataRowView' does not contain a property with the name 'NewsID'. Time:2015/45/08 - 11:45:34,Path:C:\Users\Alireza\Documents\Visual Studio 2013\WebSites\University2\ShowNews.aspx,User IP::1
DataBinding: 'System.Data.DataRowView' does not contain a property with the name 'NewsID'. Time:2015/49/08 - 11:49:07,Path:C:\Users\Alireza\Documents\Visual Studio 2013\WebSites\University2\ShowNews.aspx,User IP::1
DataBinding: 'System.Data.DataRowView' does not contain a property with the name 'NewsID'. Time:2015/49/08 - 11:49:56,Path:C:\Users\Alireza\Documents\Visual Studio 2013\WebSites\University2\ShowNews.aspx,User IP::1
The DataSourceID of 'DataList2' must be the ID of a control of type IDataSource.  A control with ID 'ObjectDataSource1' could not be found. Time:2015/51/08 - 11:51:55,Path:C:\Users\Alireza\Documents\Visual Studio 2013\WebSites\University2\ShowNews.aspx,User IP::1
The DataSourceID of 'DataList2' must be the ID of a control of type IDataSource.  A control with ID 'ObjectDataSource1' could not be found. Time:2015/09/09 - 12:09:38,Path:C:\Users\Alireza\Documents\Visual Studio 2013\WebSites\University2\ShowNews.aspx,User IP::1
c:\Users\Alireza\Documents\Visual Studio 2013\WebSites\University2\ShowNews.aspx(55): error CS1061: 'ASP.shownews_aspx' does not contain a definition for 'FormView' and no extension method 'FormView' accepting a first argument of type 'ASP.shownews_aspx' could be found (are you missing a using directive or an assembly reference?) Time:2015/20/09 - 12:20:03,Path:C:\Users\Alireza\Documents\Visual Studio 2013\WebSites\University2\ShowNews.aspx,User IP::1
The DataSourceID of 'DataList2' must be the ID of a control of type IDataSource.  A control with ID 'ObjectDataSource1' could not be found. Time:2015/35/09 - 12:35:37,Path:C:\Users\Alireza\Documents\Visual Studio 2013\WebSites\University2\ShowNews.aspx,User IP::1
The DataSourceID of 'DataList2' must be the ID of a control of type IDataSource.  A control with ID 'ObjectDataSource1' could not be found. Time:2015/35/09 - 12:35:55,Path:C:\Users\Alireza\Documents\Visual Studio 2013\WebSites\University2\ShowNews.aspx,User IP::1
The DataSourceID of 'DataList2' must be the ID of a control of type IDataSource.  A control with ID 'ObjectDataSource1' could not be found. Time:2015/38/09 - 12:38:48,Path:C:\Users\Alireza\Documents\Visual Studio 2013\WebSites\University2\ShowNews.aspx,User IP::1
The DataSourceID of 'DataList2' must be the ID of a control of type IDataSource.  A control with ID 'ObjectDataSource1' could not be found. Time:2015/39/09 - 12:39:18,Path:C:\Users\Alireza\Documents\Visual Studio 2013\WebSites\University2\ShowNews.aspx,User IP::1
The DataSourceID of 'DataList2' must be the ID of a control of type IDataSource.  A control with ID 'ObjectDataSource1' could not be found. Time:2015/39/09 - 12:39:42,Path:C:\Users\Alireza\Documents\Visual Studio 2013\WebSites\University2\ShowNews.aspx,User IP::1
The DataSourceID of 'DataList2' must be the ID of a control of type IDataSource.  A control with ID 'ObjectDataSource1' could not be found. Time:2015/41/09 - 12:41:50,Path:C:\Users\Alireza\Documents\Visual Studio 2013\WebSites\University2\ShowNews.aspx,User IP::1
Input string was not in a correct format. Time:2015/44/09 - 12:44:56,Path:C:\Users\Alireza\Documents\Visual Studio 2013\WebSites\University2\Login.aspx,User IP::1
Input string was not in a correct format. Time:2015/54/09 - 12:54:21,Path:C:\Users\Alireza\Documents\Visual Studio 2013\WebSites\University2\Login.aspx,User IP::1
Column 'FullName' does not allow nulls. Time:2015/02/09 - 01:02:39,Path:C:\Users\Alireza\Documents\Visual Studio 2013\WebSites\University2\Register.aspx,User IP::1
Value cannot be null.
Parameter name: Username Time:2015/18/09 - 10:18:19,Path:C:\Users\Alireza\Documents\Visual Studio 2013\WebSites\University2\Register.aspx,User IP::1
Must declare the scalar variable "@UserName". Time:2015/52/09 - 11:52:56,Path:C:\Users\Alireza\Documents\Visual Studio 2013\WebSites\University2\Default3.aspx,User IP::1
Column 'FullName' does not allow nulls. Time:2015/27/10 - 01:27:30,Path:C:\Users\Alireza\Documents\Visual Studio 2013\WebSites\University2\Register.aspx,User IP::1
Column 'FullName' does not allow nulls. Time:2015/30/10 - 01:30:45,Path:C:\Users\Alireza\Documents\Visual Studio 2013\WebSites\University2\Register.aspx,User IP::1
Column 'FullName' does not allow nulls. Time:2015/32/10 - 01:32:12,Path:C:\Users\Alireza\Documents\Visual Studio 2013\WebSites\University2\Register.aspx,User IP::1
Value was either too large or too small for an Int32. Time:2015/40/10 - 01:40:31,Path:C:\Users\Alireza\Documents\Visual Studio 2013\WebSites\University2\Login.aspx,User IP::1
Value was either too large or too small for an Int32. Time:2015/52/10 - 01:52:21,Path:C:\Users\Alireza\Documents\Visual Studio 2013\WebSites\University2\Login.aspx,User IP::1
Invalid column name 'Tel'. Time:2015/10/10 - 02:10:55,Path:C:\Users\Alireza\Documents\Visual Studio 2013\WebSites\University2\Register.aspx,User IP::1
Invalid column name 'Tel'. Time:2015/14/10 - 02:14:43,Path:C:\Users\Alireza\Documents\Visual Studio 2013\WebSites\University2\Register.aspx,User IP::1
Invalid column name 'Tel'. Time:2015/15/10 - 02:15:01,Path:C:\Users\Alireza\Documents\Visual Studio 2013\WebSites\University2\Register.aspx,User IP::1
Column 'UserId' does not allow nulls. Time:2015/17/10 - 02:17:32,Path:C:\Users\Alireza\Documents\Visual Studio 2013\WebSites\University2\Register.aspx,User IP::1
DataBinding: 'System.Data.DataRowView' does not contain a property with the name 'CommentID'. Time:2015/19/10 - 02:19:47,Path:C:\Users\Alireza\Documents\Visual Studio 2013\WebSites\University2\ManagementComment.aspx,User IP::1
DataBinding: 'System.Data.DataRowView' does not contain a property with the name 'CommentID'. Time:2015/20/10 - 02:20:15,Path:C:\Users\Alireza\Documents\Visual Studio 2013\WebSites\University2\ManagementComment.aspx,User IP::1
The DataSourceID of 'DataList1' must be the ID of a control of type IDataSource.  A control with ID 'ObjectDataSource1' could not be found. Time:2015/25/10 - 02:25:45,Path:C:\Users\Alireza\Documents\Visual Studio 2013\WebSites\University2\ManagementComment.aspx,User IP::1
The DataSourceID of 'DataList1' must be the ID of a control of type IDataSource.  A control with ID 'ObjectDataSource1' could not be found. Time:2015/26/10 - 02:26:08,Path:C:\Users\Alireza\Documents\Visual Studio 2013\WebSites\University2\ManagementComment.aspx,User IP::1
The DataSourceID of 'DataList1' must be the ID of a control of type IDataSource.  A control with ID 'ObjectDataSource1' could not be found. Time:2015/26/10 - 02:26:23,Path:C:\Users\Alireza\Documents\Visual Studio 2013\WebSites\University2\ManagementComment.aspx,User IP::1
The DataSourceID of 'DataList1' must be the ID of a control of type IDataSource.  A control with ID 'ObjectDataSource1' could not be found. Time:2015/13/10 - 10:13:51,Path:C:\Users\Alireza\Documents\Visual Studio 2013\WebSites\University2\ManagementComment.aspx,User IP::1
The DataSourceID of 'DataList1' must be the ID of a control of type IDataSource.  A control with ID 'ObjectDataSource1' could not be found. Time:2015/32/10 - 10:32:16,Path:C:\Users\Alireza\Documents\Visual Studio 2013\WebSites\University2\ManagementComment.aspx,User IP::1
The DataSourceID of 'DataList1' must be the ID of a control of type IDataSource.  A control with ID 'ObjectDataSource1' could not be found. Time:2015/32/10 - 10:32:54,Path:C:\Users\Alireza\Documents\Visual Studio 2013\WebSites\University2\ManagementComment.aspx,User IP::1
The DataSourceID of 'DataList1' must be the ID of a control of type IDataSource.  A control with ID 'ObjectDataSource1' could not be found. Time:2015/34/10 - 10:34:46,Path:C:\Users\Alireza\Documents\Visual Studio 2013\WebSites\University2\ManagementComment.aspx,User IP::1
The DataSourceID of 'DataList1' must be the ID of a control of type IDataSource.  A control with ID 'ObjectDataSource1' could not be found. Time:2015/35/10 - 10:35:34,Path:C:\Users\Alireza\Documents\Visual Studio 2013\WebSites\University2\ManagementComment.aspx,User IP::1
The DataSourceID of 'DataList1' must be the ID of a control of type IDataSource.  A control with ID 'ObjectDataSource1' could not be found. Time:2015/36/10 - 10:36:03,Path:C:\Users\Alireza\Documents\Visual Studio 2013\WebSites\University2\ManagementComment.aspx,User IP::1
Column 'UserId' does not allow nulls. Time:2015/22/10 - 11:22:14,Path:C:\Users\Alireza\Documents\Visual Studio 2013\WebSites\University2\Register.aspx,User IP::1
ObjectDataSource 'odbgvNewsCat' could not find a non-generic method 'EditNews' that has parameters: NewsTitle, NewsDescr, NewsDate, NewsViewed, NewsCat, NewsWriter, NewsImage, original_NewsID. Time:2015/26/11 - 01:26:39,Path:C:\Users\Alireza\Documents\Visual Studio 2013\WebSites\University2\ManagementNews.aspx,User IP::1
ObjectDataSource 'odbgvNewsCat' could not find a non-generic method 'EditNews' that has parameters: NewsTitle, NewsDescr, NewsDate, NewsViewed, NewsCat, NewsWriter, NewsImage, original_NewsID. Time:2015/27/11 - 01:27:43,Path:C:\Users\Alireza\Documents\Visual Studio 2013\WebSites\University2\ManagementNews.aspx,User IP::1
A potentially dangerous Request.Form value was detected from the client (txtDescr="<p>&nbsp;</p>
<p di..."). Time:2015/34/11 - 01:34:56,Path:C:\Users\Alireza\Documents\Visual Studio 2013\WebSites\University2\ManagementNews.aspx,User IP::1
A potentially dangerous Request.Form value was detected from the client (txtDescr="<p dir="RTL" style="..."). Time:2015/38/11 - 01:38:01,Path:C:\Users\Alireza\Documents\Visual Studio 2013\WebSites\University2\ManagementNews.aspx,User IP::1
A potentially dangerous Request.Form value was detected from the client (txtDescr="<p dir="RTL" style="..."). Time:2015/52/11 - 01:52:55,Path:C:\Users\Alireza\Documents\Visual Studio 2013\WebSites\University2\ManagementNews.aspx,User IP::1
A potentially dangerous Request.Form value was detected from the client (txtDescr="<p dir="RTL" style="..."). Time:2015/03/11 - 02:03:54,Path:C:\Users\Alireza\Documents\Visual Studio 2013\WebSites\University2\ManagementNews.aspx,User IP::1
ObjectDataSource 'odbgvNewsCat' could not find a non-generic method 'EditNews' that has parameters: NewsTitle, NewsDescr, NewsDate, NewsViewed, NewsCat, NewsWriter, NewsImage, original_NewsID. Time:2015/06/11 - 02:06:07,Path:C:\Users\Alireza\Documents\Visual Studio 2013\WebSites\University2\ManagementNews.aspx,User IP::1
ObjectDataSource 'odbgvNewsCat' could not find a non-generic method 'DeleteNews' that has parameters: NewsID, original_NewsID. Time:2015/12/11 - 02:12:06,Path:C:\Users\Alireza\Documents\Visual Studio 2013\WebSites\University2\ManagementNews.aspx,User IP::1
c:\Users\Alireza\Documents\Visual Studio 2013\WebSites\University2\Default3.aspx.cs(8): error ASPNET: Make sure that the class defined in this code file matches the 'inherits' attribute, and that it extends the correct base class (e.g. Page or UserControl). Time:2015/53/11 - 02:53:09,Path:C:\Users\Alireza\Documents\Visual Studio 2013\WebSites\University2\Default3.aspx,User IP::1
Column 'UserId' does not allow nulls. Time:2015/32/12 - 01:32:28,Path:C:\Users\Alireza\Documents\Visual Studio 2013\WebSites\University2\Register.aspx,User IP::1
Column 'UserId' does not allow nulls. Time:2015/33/12 - 01:33:48,Path:C:\Users\Alireza\Documents\Visual Studio 2013\WebSites\University2\Register.aspx,User IP::1
Column 'UserId' does not allow nulls. Time:2015/35/12 - 01:35:50,Path:C:\Users\Alireza\Documents\Visual Studio 2013\WebSites\University2\Register.aspx,User IP::1
A potentially dangerous Request.Form value was detected from the client (txtDescription="<p>&nbsp;ززز</p>"). Time:2015/43/12 - 03:43:43,Path:C:\Users\Alireza\Documents\Visual Studio 2013\WebSites\University2\Contact.aspx,User IP::1
A potentially dangerous Request.Form value was detected from the client (txtDescription="<p>تست</p>
<p>تست</..."). Time:2015/07/13 - 04:07:55,Path:C:\Users\Alireza\Documents\Visual Studio 2013\WebSites\University2\Contact.aspx,User IP::1
Object reference not set to an instance of an object. Time:2015/40/14 - 06:40:03,Path:C:\Users\Alireza\Documents\Visual Studio 2013\WebSites\University2\UploadManager.aspx,User IP::1
The remote host closed the connection. The error code is 0x80070040. Time:2015/33/14 - 07:33:11,Path:C:\Users\Alireza\Documents\Visual Studio 2013\WebSites\University2\UploadManager.aspx,User IP::1
The remote host closed the connection. The error code is 0x80070040. Time:2015/36/14 - 07:36:32,Path:C:\Users\Alireza\Documents\Visual Studio 2013\WebSites\University2\UploadManager.aspx,User IP::1
The remote host closed the connection. The error code is 0x800703E3. Time:2015/36/14 - 07:36:47,Path:C:\Users\Alireza\Documents\Visual Studio 2013\WebSites\University2\UploadManager.aspx,User IP::1
Both DataSource and DataSourceID are defined on 'GridView1'.  Remove one definition. Time:2015/40/14 - 07:40:18,Path:C:\Users\Alireza\Documents\Visual Studio 2013\WebSites\University2\Download.aspx,User IP::1
The remote host closed the connection. The error code is 0x800703E3. Time:2015/43/14 - 07:43:13,Path:C:\Users\Alireza\Documents\Visual Studio 2013\WebSites\University2\Download.aspx,User IP::1
The remote host closed the connection. The error code is 0x80070040. Time:2015/43/14 - 07:43:14,Path:C:\Users\Alireza\Documents\Visual Studio 2013\WebSites\University2\Download.aspx,User IP127.0.0.1
ObjectDataSource 'ObjectDataSource2' could not find a non-generic method 'DeleteCat' that has parameters: CatID, original_CatID. Time:2015/57/01 - 09:57:58,Path:C:\Users\Alireza\Documents\Visual Studio 2013\WebSites\University2\ManagementCat.aspx,User IP::1
ObjectDataSource 'ObjectDataSource2' could not find a non-generic method 'EditCat' that has parameters: CatName, original_CatID. Time:2015/49/02 - 12:49:25,Path:C:\Users\Alireza\Documents\Visual Studio 2013\WebSites\University2\ManagementCat.aspx,User IP::1
c:\Users\Alireza\Documents\Visual Studio 2013\WebSites\University2\Login.aspx(71): error CS1061: 'ASP.login_aspx' does not contain a definition for 'txtUserName_TextChanged' and no extension method 'txtUserName_TextChanged' accepting a first argument of type 'ASP.login_aspx' could be found (are you missing a using directive or an assembly reference?) Time:2015/49/02 - 07:49:39,Path:C:\Users\Alireza\Documents\Visual Studio 2013\WebSites\University2\Login.aspx,User IP::1
